[   .000000] Initializing cgroup subsys cpuset
[    0.000000] Initializing cgroup subsys cpu
[   0.000000] Initializing cgroup subsys cuact
[    0.000000] Linux version 4.4.0-137-geerc (buildd@lgw01-amd4-037) (gcc versio 54.0 2010609 (Ubuntu 5.4.0-6ubuntu1~16.04.10) ) #163-Ubuntu SMP Mon Sep 24 13:14:43 UTC 2018 (Ubuntu 4.4.0-137.163-generic 4.4.144)
[    0.000000] Command line: BOOT_IMAGE=/boot/vmlinuz-4..0137-generi rotLABEL=cloudimg-rootfs ro console=tty1 console=ttyS0
[    0.000000] KERNEL supported cpus:
[    0.000000]   Intel GenuineIntel
[    0.000000]  AMD AuthenticAMD
[   0.00000]   Centur CentaurHaulls
[    .00000] x86/fpu: xstate_offset[2]:  576, xstate_sizes[2]:  256
[  0.00000] x86/fpu:Suporting XSAVE feature 0x01: 'x87 floating point registers'[    0.000000] x86/fp: upporting XSAVE feature 0x02: 'SSE registers'
[   .00000] x86/fpu: Supporting XSAVE feature 0x04: 'AVX registers'
[    0.000000] x86/fpu: Enabled xstate features 0x7, context size is 832 bytes, using 'standard' format.
[   .00000] e820: BIOS-provided physical RAM map:
[   .0000] BIOS-e820: [mem 0x000000000000000-0x000000000009fbff] usable
[   .00000] BIOS-e820: [mem 0x000000000009fc00-x0000000009ffff] reserved
[    0.000000] BIOS-e820: [mem 0x00000000000f0000-0x00000000000fffff] reserved
[    0.000000] BIOS-e820: [mem 0x0000000000100000-0x000000003ffeffff] usable
[    0.000000] BIOS-e820: [mem 0x000000003fff0000-0x000000003fffffff] ACPI data
[    0.000000] BIOS-e820: [mem 0x00000000fec00000-0x00000000fec00fff] reserved
[    0.000000] BIOS-e820: [mem 0x00000000fee00000-0x00000000fee00fff] reserved
[    0.000000] BIOS-e820: [mem 0x00000000fffc0000-0x00000000ffffffff] reserved
[    0.000000] NX (Execute Disable) protection: active
[    0.000000] SMBIOS 2.5 present.
[    0.000000] Hypervisor detected: KVM
[    0.000000] e820: last_pfn = 0x3fff0 max_arch_pfn = 0x400000000
[    0.000000] MTRR: Disabled
[    0.000000] x86/PAT: MTRRs disabled, skipping PAT initialization too.
[    0.000000] CPU MTRRs all blank - virtualized system.
[    0.000000] x86/PAT: Configuration [0-7]: WB  WT  UC- UC  WB  WT  UC- UC  
[    0.000000] found SMP MP-table at [mem 0x0009fff0-0x0009ffff] mapped at [ffff88000009fff0]
[    0.000000] Scanning 1 areas for low memory corruption
[    0.000000] RAMDISK: [mem 0x3630e000-0x3717efff]
[    0.000000] ACPI: Early table cecksum verification disabled
[    0.00000]ACPI: RSDP 0x0000000000E0000 000024 (v02 VBOX  )
[    0.000000] ACPI: XSDT 0x000000003FFF0030 00003C (v01 VBOX   VBOXXSDT 00000001 ASL  00000061)
[   .00000] ACPI: FACP 0x000000003FFF00F0 0000F4 (v04 VBOX   VBOXFACP 00000001 ASL  00000061)
[    0.000000] ACP: DSDT 0x000000003FFF0470 001FF (v02 VBOX   VBOXBIOS 00000002 INTL 20100528)
[    0.000000] ACPI: FACS 0x000000003FFF0200 000040
[   .00000] ACPI: FACS 0x000000003FFF0200 000040
[   .00000] ACPI: APIC 0x000000003FFF0240 00005C (v02 VBOX   VBOXAPIC 00000001 ASL  00000061)
[   0.000000] ACPI: SSDT 0x000000003FFF02A0 0001CC (v01 VBOX   VBOXCPUT 00000002 INTL 20100528)
[   0.00000]No NUMA configuration found
[    0.000000] Faking a node at [mem 0x0000000000000000-0x000000003ffeffff]
[    0.000000] NODE_DATA(0) allocated [mem 0x3ffeb000-0x3ffeffff]
[    0.000000] kvm-clock: Using msrs 4b564d01 and 4b564d00
[    0.00000] kvm-clock: cpu 0, msr 0:3ffe3001, primary cpu clock
[    000000]kvm-clock: using sched offset of 347350506 ccls
[    0.000000]clcksource: kvm-clock: mask: 0xffffffffffffffff max_cycles: 0x1cd42e4dffb, max_idle_ns: 881590591483 ns
[   0.000000] Zone ranges:
[    0.000000]   DMA     me 0x0000000000001000-0x0000000000ffffff]
[    0.000000]   DMA32    [mem 0x0000000001000000-0x000000003ffeffff]
[    0.000000]   Normal   empty
[    0.000000]   Device   empty
[    0.000000] Movable zone start for each node
[   .00000] Early memory node ranges
[    0.000000]   node   0: [mem 0x0000000000001000-0x000000000009eff]
[    0.000000]   node   0: [mem 0000000000100000-0x00000003feffff]
[   0.00000] nitmem setup node 0 [mem 0x0000000000001000-0x000000003ffeffff]
[    0.000000] ACPI: PM-Timer IO Port: 0x4008
[   0.000000] IOAPIC[0]: apic_id 2, version 32, address 0xfec00000, GSI 0-23
[   .000000] ACP: INT_SRC_OVR (bus 0 bus_irq 0 global_irq 2 dfl fl
[    0.000000] ACPI: INT_SRCVR(bus 0 bus_irq 9 global_irq 9 low level)
[    0.000000] Using ACPI (MADT) for SMP configuration information
[    0.000000] smpboot: Allowing 2 CPUs, 0 hotplug CPUs
[    0.000000] PM: Registered nosave memory: [mem 0x00000000-0x00000fff]
[    0.000000] PM: Registered nosave memory: [mem 0x0009f000-0x0009ffff]
[    0.000000] PM: Registered nosave memory: [mem 0x000a0000-0x000effff]
[    0.000000] PM: Registered nosave memory: [mem 0x000f00-0x000fffff]
[    0.000000] e820: [em 0x40000000-0xfebffff] available for PCI devices
[    0.000000] Boting paravirtualized kernel on KVM
[   .000000]clcksource: refined-jiffies: mask: 0xffffffff max_cycles: 0xffffffff, max_dle_n: 645519600211568 ns
[    0.000000] etp_percu: NR_CPUS:512 n_cpumskbits:512 nr_cpu_ids:2 nr_node_ids:1
[    0.000000] PERCPU: Embedded 34 pages/cpu @ffff88003fc00000 s99608 r8192 d31464 u1048576
[    0.000000] PV qspinlock hash table entries: 256 (order: 0, 4096 bytes)
[    0.000000] Built 1 zonelists in Node order, mobility grouping on.  Total pages: 257912
[    0.000000] Policy on: DMA32
[    0.000000] Kernelcomad line: BOO_IAG=/boot/vmlinuz-4.40-137-geric root=LABEL=cloudimg-rootfs ro console=tty1 console=yS
[    0.000000] PID hash tablentries: 4096 (order: 3, 32768 bytes)
[    0.000000] Memory: 997716K/1048120K available (8555K kernel code, 1314K rwdata, 4004K rodata, 1528K init, 1316K bss, 50404K reserved, 0K cma-reserved)
[    0.000000] SLUB: HWalign=64, Order=03, MinObjects=0, CPUs=2, Nodes=1
[   .00000]Kenel/User page tables isolation: enabled
[   0.000000] Hierarchical R iplementation.    0.000000] 	Build-time adjustment of leaf fanout to 64.
[    .00000 	RCU restricting CPUs from NRPUS=512 to nr_cpu_ids=2.
[    0.000000] RCU Ajuting geometry for rcu_fanout_leaf=64, nr_cpu_ids=2
[   0.000000] NR_IRQS33024 nr_irqs:440 16
[    0.000000] Console: colour VGA+ 80x25
[    0.000000] console [tty1] enable
    0.000000] console [ttyS0] enabled
[    0.000000] tsc: Detected 1599.999 MHz processor
[    3.440341] Calibrating delay loop (skipped) preset value.. 3199.99 BogoMIPS (lpj=6399996)
[    3.477100] pid_max: default: 32768 minimum: 301
[    3.498419] ACPI: Core revision 20150930
[    3.518302] ACPI: 2 ACPI AML tables successfully acquired and loaded
[    3.542588] Security Framework initialized
[    3.555825] Yama: becoming mindful.
[    3.563774] AppArmor: AppArmor initialized
[    3.578879] Dentry cache hash table entries: 131072 (order: 8, 1048576 bytes)
[    3.607953] Inode-cache hash table entries: 65536 (order: 7, 524288 bytes)
[    3.616194] Mount-cache hash table entries: 2048 (order: 2, 16384 bytes)
[    3.634374] Mountpoint-cache hash table entries: 2048 (order: 2, 16384 bytes)
[    3.654852] Initializing cgroup subsys io
[    3.659341] Initializing cgroup subsys memory
[    3.666730] Initializing cgroup subsys devices
[    3.674602] Initializing cgroup subsys freezer
[    3.677162] Initializing cgroup subsys net_cls
[    3.694163] Initializing cgroup subsys perf_event
[    3.713057] Initializing cgroup subsys net_prio
[    3.723108] Initializing cgroup subsys hugetlb
[    3.727327] Initializing cgroup subsys pids
[    3.740444] mce: CPU supports 0 MCE banks
[    3.744918] Last level iTLB entries: 4KB 64, 2MB 8, 4MB 8
[    3.767135] Last level dTLB entries: 4KB 64, 2MB 0, 4MB 0, 1GB 4
[    3.775966] Spectre V2 : Mitigation: Full generic retpoline
[    3.787214] Spectre V2 : Spectre v2 mitigation: Speculation control IBPB not-supported IBRS not-supported
[    3.825587] Spectre V2 : Spectre v2 / SpectreRSB mitigation: Filling RSB on context switch
[    3.843338] Speculative Store Bypass: Vulnerable
[    3.849424] Freeing SMP alternatives memory: 32K
[    3.863644] ftrace: allocating 32265 entries in 127 pages
[    3.953875] smpboot: APIC(0) Converting physical 0 to logical package 0
[    3.959064] smpboot: Max logical packages: 1
[    3.975105] x2apic enabled
[    3.991268] Switched APIC routing to physical x2apic.
[    4.006209] ..TIMER: vector=0x30 apic1=0 pin1=2 apic2=-1 pin2=-1
[    4.130467] smpboot: CPU0: Intel(R) Core(TM) i5-5250U CPU @ 1.60GHz (family: 0x6, model: 0x3d, stepping: 0x4)
[    4.163594] Performance Events: unsupported p6 CPU model 61 no PMU driver, software events only.
[    4.183760] KVM setup paravirtual spinlock
[    4.188394] x86: Booting SMP configuration:
[    4.223278] .... node  #0, CPUs:      #1
[    4.244901] kvm-clock: cpu 1, msr 0:3ffe3041, secondary cpu clock
[    4.247476] mce: CPU supports 0 MCE banks
[    4.250485] x86: Booted up 1 node, 2 CPUs
[    4.264028] smpboot: Total of 2 processors activated (6399.99 BogoMIPS)
[    4.294117] devtmpfs: initialized
[    4.297878] evm: security.selinux
[    4.317298] evm: security.SMACK64
[    4.332186] evm: security.SMACK64EXEC
[    4.335636] evm: security.SMACK64TRANSMUTE
[    4.347125] evm: security.SMACK64MMAP
[    4.353518] evm: security.ima
[    4.365222] evm: security.capability
[    4.369354] clocksource: jiffies: mask: 0xffffffff max_cycles: 0xffffffff, max_idle_ns: 7645041785100000 ns
[    4.391839] futex hash table entries: 512 (order: 3, 32768 bytes)
[    4.405377] pinctrl core: initialized pinctrl subsystem
[    4.412122] RTC time: 11:30:48, date: 11/02/18
[    4.413729] NET: Registered protocol family 16
[    4.431556] cpuidle: using governor ladder
[    4.455277] cpuidle: using governor menu
[    4.463923] PCCT header not found.
[    4.465174] ACPI: bus type PCI registered
[    4.475111] acpiphp: ACPI Hot Plug PCI Controller Driver version: 0.5
[    4.502747] PCI: Using configuration type 1 for base access
[    4.520107] ACPI: Added _OSI(Module Device)
[    4.522494] ACPI: Added _OSI(Processor Device)
[    4.528427] ACPI: Added _OSI(3.0 _SCP Extensions)
[    4.529776] ACPI: Added _OSI(Processor Aggregator Device)
[    4.532430] ACPI: Executed 1 blocks of module-level executable AML code
[    4.537298] ACPI: Interpreter enabled
[    4.539815] ACPI: (supports S0 S5)
[    4.540802] ACPI: Using IOAPIC for interrupt routing
[    4.542301] PCI: Using host bridge windows from ACPI; if necessary, use "pci=nocrs" and report a bug
[    4.551686] ACPI: PCI Root Bridge [PCI0] (domain 0000 [bus 00-ff])
[    4.553798] acpi PNP0A03:00: _OSC: OS supports [ASPM ClockPM Segments MSI]
[    4.588315] acpi PNP0A03:00: _OSC: not requesting OS control; OS requires [ExtendedConfig ASPM ClockPM MSI]
[    4.609541] acpi PNP0A03:00: fail to add MMCONFIG information, can't access extended PCI configuration space under this bridge.
[    4.616666] PCI host bridge to bus 0000:00
[    4.634930] pci_bus 0000:00: root bus resource [io  0x0000-0x0cf7 window]
[    4.646957] pci_bus 0000:00: root bus resource [io  0x0d00-0xffff window]
[    4.660395] pci_bus 0000:00: root bus resource [mem 0x000a0000-0x000bffff window]
[    4.666600] pci_bus 0000:00: root bus resource [mem 0x40000000-0xfdffffff window]
[    4.684151] pci_bus 0000:00: root bus resource [bus 00-ff]
[    4.706538] pci 0000:00:01.1: legacy IDE quirk: reg 0x10: [io  0x01f0-0x01f7]
[    4.725270] pci 0000:00:01.1: legacy IDE quirk: reg 0x14: [io  0x03f6]
[    4.741068] pci 0000:00:01.1: legacy IDE quirk: reg 0x18: [io  0x0170-0x0177]
[    4.759131] pci 0000:00:01.1: legacy IDE quirk: reg 0x1c: [io  0x0376]
[    4.801792] pci 0000:00:07.0: quirk: [io  0x4000-0x403f] claimed by PIIX4 ACPI
[    4.820061] pci 0000:00:07.0: quirk: [io  0x4100-0x410f] claimed by PIIX4 SMB
[    4.846758] ACPI: PCI Interrupt Link [LNKA] (IRQs 5 9 10 *11)
[    4.849277] ACPI: PCI Interrupt Link [LNKB] (IRQs 5 9 *10 11)
[    4.855632] ACPI: PCI Interrupt Link [LNKC] (IRQs 5 *9 10 11)
[    4.871631] ACPI: PCI Interrupt Link [LNKD] (IRQs 5 9 10 *11)
[    4.874044] ACPI: Enabled 2 GPEs in block 00 to 07
[    4.884445] vgaarb: setting as boot device: PCI:0000:00:02.0
[    4.906159] vgaarb: device added: PCI:0000:00:02.0,decodes=io+mem,owns=io+mem,locks=none
[    4.931925] vgaarb: loaded
[    4.933194] vgaarb: bridge control possible 0000:00:02.0
[    4.935347] SCSI subsystem initialized
[    4.940645] ACPI: bus type USB registered
[    4.959167] usbcore: registered new interface driver usbfs
[    4.975820] usbcore: registered new interface driver hub
[    4.980988] usbcore: registered new device driver usb
[    4.986148] PCI: Using ACPI for IRQ routing
[    4.988010] NetLabel: Initializing
[    4.991734] NetLabel:  domain hash size = 128
[    5.003975] NetLabel:  protocols = UNLABELED CIPSOv4
[    5.006145] NetLabel:  unlabeled traffic allowed by default
[    5.023766] amd_nb: Cannot enumerate AMD northbridges
[    5.032861] clocksource: Switched to clocksource kvm-clock
[   5.054742] AppAror ApAmo Filesystem Enabled
[    5.221544] pnp PP CP iit
[   5.7888] pnp: PnP ACPI: found 3 devices
[    5.490872] clocksource: acpi_pm: mask: 0xffffff max_cycles: 0xffff, mx_dl_n: 2085701024 ns
[    5679553] NET: Registered protocol family 2

[    5.753529] TCP established hash table entries: 8192 (order: , 556 yts)
[   .90223 TP bind ash table ntie: 19 (rder 5 1102 yts)
   640969] TCP: Hash tables configured (established 8192 bind 8192)
[   .519614] UDP hash table entries: 512 (order: 2, 16384 bytes
   6.602513] UDP-Lite hash table entries: 512 (ode: , 6384 bytes)
[    6.756349] NET: Registered protocol family 1
[    6.757740] pci 0000:00:00.0: Limiting direct PCI/PCI transfers
[    6.759501] pci 0000:00:01.0: Activating ISA DMA hang workarounds
[    6.761438] Unpacking initramfs...

[    7.074468] Freeing initrd memory: 14788K
[    7.076072] RAPL PMU detected, API unit is 2^-32 Joules, 4 fixed counters 10737418240 ms ovfl timer
[    7.079696] hw unit of domain pp0-core 2^-0 Joules
[    7.082185] hw unit of domain package 2^-0 Joules
[    7.085245] hw unit of domain dram 2^-0 Joules
[    7.090106] hw unit of domain pp1-gpu 2^-0 Joules
[    7.091828] platform rtc_cmos: registered platform RTC device (no PNP device found)
[    7.094748] Scanning for low memory corruption every 60 seconds
[    7.097247] audit: initializing netlink subsys (disabled)
[    7.099032] audit: type=2000 audit(1541158252.356:1): initialized
[    7.101184] Initialise system trusted keyring
[    7.104872] HugeTLB registered 2 MB page size, pre-allocated 0 pages
[    7.108540] zbud: loaded
[    7.110029] VFS: Disk quotas dquot_6.6.0
[    7.111299] VFS: Dquot-cache hash table entries: 512 (order 0, 4096 bytes)
[    7.131937] squashfs: version 4.0 (2009/01/31) Phillip Lougher
[    7.142782] fuse init (API version 7.23)
[    7.166585] Key type big_key registered
[    7.189666] Allocating IMA MOK and blacklist keyrings.
[    7.212818] Key type asymmetric registered
[    7.214018] Asymmetric key parser 'x509' registered
[    7.215370] Block layer SCSI generic (bsg) driver version 0.4 loaded (major 249)
[    7.217444] io scheduler noop registered
[    7.218522] io scheduler deadline registered (default)
[    7.239072] io scheduler cfq registered
[    7.241748] pci_hotplug: PCI Hot Plug PCI Core version: 0.5
[    7.255937] pciehp: PCI Express Hot Plug Controller Driver version: 0.4
[    7.265764] ACPI: AC Adapter [AC] (off-line)
[    7.296375] input: Power Button as /devices/LNXSYSTM:00/LNXPWRBN:00/input/input0
[    7.306619] ACPI: Power Button [PWRF]
[    7.311212] input: Sleep Button as /devices/LNXSYSTM:00/LNXSLPBN:00/input/input1
[    7.313523] ACPI: Sleep Button [SLPF]
[    7.316266] ACPI: Battery Slot [BAT0] (battery present)
[    7.329598] GHES: HEST is not enabled!
[    7.334220] Serial: 8250/16550 driver, 32 ports, IRQ sharing enabled
[    7.380891] 00:02: ttyS0 at I/O 0x3f8 (irq = 4, base_baud = 115200) is a 16550A
[    7.434809] Linux agpgart interface v0.103
[    7.448102] loop: module loaded
[    7.452860] scsi host0: ata_piix
[    7.454243] scsi host1: ata_piix
[    7.459669] ata1: PATA max UDMA/33 cmd 0x1f0 ctl 0x3f6 bmdma 0xd000 irq 14
[    7.484198] ata2: PATA max UDMA/33 cmd 0x170 ctl 0x376 bmdma 0xd008 irq 15
[    7.508663] libphy: Fixed MDIO Bus: probed
[    7.510067] tun: Universal TUN/TAP device driver, 1.6
[    7.523946] tun: (C) 1999-2004 Max Krasnyansky <maxk@qualcomm.com>
[    7.525780] PPP generic driver version 2.4.2
[    7.526998] ehci_hcd: USB 2.0 'Enhanced' Host Controller (EHCI) Driver
[    7.528583] ehci-pci: EHCI PCI platform driver
[    7.564792] ehci-platform: EHCI generic platform driver
[    7.571923] ohci_hcd: USB 1.1 'Open' Host Controller (OHCI) Driver
[    7.584760] ohci-pci: OHCI PCI platform driver
[    7.603898] ohci-platform: OHCI generic platform driver
[    7.622658] uhci_hcd: USB Universal Host Controller Interface driver
[    7.656452] i8042: PNP: PS/2 Controller [PNP0303:PS2K,PNP0f03:PS2M] at 0x60,0x64 irq 1,12
[    7.683660] serio: i8042 KBD port at 0x60,0x64 irq 1
[    7.704718] serio: i8042 AUX port at 0x60,0x64 irq 12
[    7.721053] mousedev: PS/2 mouse device common for all mice
[    7.740587] rtc_cmos rtc_cmos: rtc core: registered rtc_cmos as rtc0
[    7.742597] rtc_cmos rtc_cmos: alarms up to one day, 114 bytes nvram
[    7.754218] input: AT Translated Set 2 keyboard as /devices/platform/i8042/serio0/input/input2
[    7.797679] i2c /dev entries driver
[    7.804299] device-mapper: uevent: version 1.0.3
[    7.835683] device-mapper: ioctl: 4.34.0-ioctl (2015-10-28) initialised: dm-devel@redhat.com
[    7.847214] ledtrig-cpu: registered to indicate activity on CPUs
[    7.866821] NET: Registered protocol family 10
[    7.871755] NET: Registered protocol family 17
[    7.881904] Key type dns_resolver registered
[    7.890886] registered taskstats version 1
[    7.894532] Loading compiled-in X.509 certificates
[    7.899523] Loaded X.509 cert 'Build time autogenerated kernel key: 20acc96b50ca7641011eace69d32209215a9b56f'
[    7.914435] zswap: loaded using pool lzo/zbud
[    7.930162] Key type trusted registered
[    7.935940] Key type encrypted registered
[    7.938710] AppArmor: AppArmor sha1 policy hashing enabled
[    7.940559] ima: No TPM chip found, activating TPM-bypass!
[    7.942073] ima: Allocated hash algorithm: sha1
[    7.943369] evm: HMAC attrs: 0x1
[    7.945006]   Magic number: 10:822:528
[    7.946426] rtc_cmos rtc_cmos: setting system clock to 2018-11-02 11:30:52 UTC (1541158252)
[    7.949467] BIOS EDD facility v0.16 2004-Jun-25, 0 devices found
[    7.951639] EDD information not available.
[    7.954831] Freeing unused kernel memory: 1528K
[    7.976976] Write protecting the kernel read-only data: 14336k
[    7.984135] Freeing unused kernel memory: 1672K
[    8.289936] tsc: Refined TSC clocksource calibration: 1600.348 MHz
[    8.518680] clocksource: tsc: mask: 0xffffffffffffffff max_cycles: 0x17116db996e, max_idle_ns: 440795270225 ns
[    8.549557] Freeing unused kernel memory: 92K
Loading, please wait...
starting version 229
[    8.571971] random: systemd-udevd: uninitialized urandom read (16 bytes read, 5 bits of entropy available)
[    8.573355] random: udevadm: uninitialized urandom read (16 bytes read, 5 bits of entropy available)
[    8.573383] random: udevadm: uninitialized urandom read (16 bytes read, 5 bits of entropy available)
[    8.585872] random: udevadm: uninitialized urandom read (16 bytes read, 5 bits of entropy available)
[    8.585921] random: udevadm: uninitialized urandom read (16 bytes read, 5 bits of entropy available)
[    8.586064] random: udevadm: uninitialized urandom read (16 bytes read, 5 bits of entropy available)
[    8.586116] random: udevadm: uninitialized urandom read (16 bytes read, 5 bits of entropy available)
[    8.586165] random: udevadm: uninitialized urandom read (16 bytes read, 5 bits of entropy available)
[    8.586218] random: udevadm: uninitialized urandom read (16 bytes read, 5 bits of entropy available)
[    8.586267] random: udevadm: uninitialized urandom read (16 bytes read, 5 bits of entropy available)
[    8.735344] e1000: Intel(R) PRO/1000 Network Driver - version 7.3.21-k8-NAPI
[    8.738450] e1000: Copyright (c) 1999-2006 Intel Corporation.
[    8.746178] Fusion MPT base driver 3.04.20
[    8.756306] Copyright (c) 1999-2008 LSI Corporation
[    8.789116] AVX2 version of gcm_enc/dec engaged.
[    8.790734] AES CTR mode by8 optimization enabled
[    8.814128] Fusion MPT SPI Host driver 3.04.20
[    8.978431] input: ImExPS/2 Generic Explorer Mouse as /devices/platform/i8042/serio1/input/input4
[    9.188272] e1000 0000:00:03.0 eth0: (PCI:33MHz:32-bit) 02:28:89:27:00:51
[    9.205962] e1000 0000:00:03.0 eth0: Intel(R) PRO/1000 Network Connection
[    9.643431] e1000 0000:00:08.0 eth1: (PCI:33MHz:32-bit) 08:00:27:b6:f9:00
[    9.661591] e1000 0000:00:08.0 eth1: Intel(R) PRO/1000 Network Connection
[    9.675033] e1000 0000:00:03.0 enp0s3: renamed from eth0
[    9.691772] mptbase: ioc0: Initiating bringup
[    9.701633] e1000 0000:00:08.0 enp0s8: renamed from eth1
[   10.257459] ioc0: LSI53C1030 A0: Capabilities={Initiator}
[   10.426758] scsi host2: ioc0: LSI53C1030 A0, FwRev=00000000h, Ports=1, MaxQ=256, IRQ=20
[   10.542171] scsi 2:0:0:0: Direct-Access     VBOX     HARDDISK         1.0  PQ: 0 ANSI: 5
[   10.564468] scsi target2:0:0: Beginning Domain Validation
[   10.589207] scsi target2:0:0: Domain Validation skipping write tests
[   10.599458] scsi target2:0:0: Ending Domain Validation
[   10.607381] scsi target2:0:0: asynchronous
[   10.623547] scsi 2:0:1:0: Direct-Access     VBOX     HARDDISK         1.0  PQ: 0 ANSI: 5
[   10.649872] scsi target2:0:1: Beginning Domain Validation
[   10.669139] scsi target2:0:1: Domain Validation skipping write tests
[   10.670767] scsi target2:0:1: Ending Domain Validation
[   10.690681] scsi target2:0:1: asynchronous
[   10.709061] sd 2:0:0:0: [sda] 20971520 512-byte logical blocks: (10.7 GB/10.0 GiB)
[   10.711213] sd 2:0:0:0: Attached scsi generic sg0 type 0
[   10.745703] sd 2:0:0:0: [sda] Write Protect is off
[   10.759732] sd 2:0:1:0: Attached scsi generic sg1 type 0
[   10.759814] sd 2:0:1:0: [sdb] 20480 512-byte logical blocks: (10.5 MB/10.0 MiB)
[   10.760094] sd 2:0:1:0: [sdb] Write Protect is off
[   10.760238] sd 2:0:1:0: [sdb] Incomplete mode parameter data
[   10.760240] sd 2:0:1:0: [sdb] Assuming drive cache: write through
[   10.763006] sd 2:0:1:0: [sdb] Attached SCSI disk
[   10.765976] sd 2:0:0:0: [sda] Incomplete mode parameter data
[   10.765978] sd 2:0:0:0: [sda] Assuming drive cache: write through
[   10.767342]  sda: sda1
[   10.768264] sd 2:0:0:0: [sda] Attached SCSI disk
Begin: Loading essential drivers ... [   12.280924] md: linear personality registered for level -1
[   12.285549] md: multipath personality registered for level -4
[   12.290633] md: raid0 personality registered for level 0
[   12.295456] md: raid1 personality registered for level 1
[   12.368924] raid6: sse2x1   gen()  5401 MB/s
[   12.444985] raid6: sse2x1   xor()  3887 MB/s
[   12.513269] raid6: sse2x2   gen()  6055 MB/s
[   12.632935] raid6: sse2x2   xor()  4388 MB/s
[   12.700939] raid6: sse2x4   gen()  9957 MB/s
[   12.769602] raid6: sse2x4   xor()  7382 MB/s
[   12.838021] raid6: avx2x1   gen() 15369 MB/s
[   12.944872] raid6: avx2x2   gen() 17989 MB/s
[   13.020677] raid6: avx2x4   gen() 21339 MB/s
[   13.036700] raid6: using algorithm avx2x4 gen() 21339 MB/s
[   13.043421] raid6: using avx2x2 recovery algorithm
[   13.047563] xor: automatically using best checksumming function:
[   13.088951]    avx       : 21463.000 MB/sec
[   13.107575] async_tx: api initialized (async)
[   13.118764] md: raid6 personality registered for level 6
[   13.120691] md: raid5 personality registered for level 5
[   13.134572] md: raid4 personality registered for level 4
[   13.164270] md: raid10 personality registered for level 10
done.
Begin: Running /scripts/init-premount ... done.
Begin: Mounting root file system ... Begin: Running /scripts/local-top ... done.
Begin: Running /scripts/local-premount ... [   13.205603] Btrfs loaded
Scanning for Btrfs filesystems
done.
Warning: fsck not present, so skipping root file[   13.238766] EXT4-fs (sda1): mounted filesystem with ordered data mode. Opts: (null)
 system
done.
Begin: Running /scripts/local-bottom ... done.
Begin: Running /scripts/init-bottom ... done.
[   1.3591]sytemd[1]: systemd 229 running in system mode. (+PAM +AUDIT +SEINUX +IMA +APPARMOR +SMACK +SYSVINIT +UTMP +LIBCRYPTSETUP +GCRYPT +GNUTLS +ACL +XZ -LZ4 +SECCOMP +BLKID +ELFUTILS +KMOD -IDN)
[   13.523292] systemd[1]: Detected virtualization oracle.
[   13.545639] systemd[1]: Detected architecture x86-64.

Welcome to [1mUbuntu 16.04.5 LTS[0m!

[   13.582150] systemd[1]: Set hostname to <ubuntu>.
[   13.589765] systemd[1]: Initializing machine ID from random generator.
[   13.605763] systemd[1]: Installed transient /etc/machine-id file.
[   13.787087] systemd[1]: Listening on LVM2 metadata daemon socket.
[[0;32m  OK  [0m] Listening on LVM2 metadata daemon socket.
[   13.832239] ysemd[1]: Listenng on Device-mappr vent daemn IFs.
[[0;32m  OK  [0m] Listening on Device-mapper event daemon FIFOs.
[   14.070297] systemd[1]: Started Tggr eslvconf date for networkd DNS.
[[0;32m  OK  [0m] Started Trigger resolvconf update for networkd DNS.
[  1.3270]syted[1]: Created slice System Slice.
[[0;32m  OK  [0m] Created slice System Slice.
[   14.530150] systemd[1]: Created slice system-serial\x2dgetty.slice.
[[0;32m  OK  [0m] Created slice system-serial\x2dgetty.slice.
[   14.554160] systemd[1]: Listening on LVM2 poll daemon socket.
[[0;32m  OK  [0m] Listening on LVM2 poll daemon socket.
[   14.598538] systemd[1]: Set up automount Arbitrary Executable File Formats File System Automount Point.
[[0;32m  OK  [0m] Set up automount Arbitrary Executab...ats File System Automount Point.
[   14.654089] systemd[1]: Started Forward Password Requests to Wall Directory Watch.
[[0;32m  OK  [0m] Started Forward Password Requests to Wall Directory Watch.
[   14.693955] systemd[1]: Reached target Swap.
[[0;32m  OK  [0m] Reached target Swap.
[   14.733950] systemd[1]: Listening on udev Kernel Socket.
[[0;32m  OK  [0m] Listening on udev Kernel Socket.
[   14.773968] systemd[1]: Listening on Journal Audit Socket.
[[0;32m  OK  [0m] Listening on Journal Audit Socket.
[   14.809289] systemd[1]: Reached target Encrypted Volumes.
[[0;32m  OK  [0m] Reached target Encrypted Volumes.
[   14.813205] systemd[1]: Reached target User and Group Name Lookups.
[[0;32m  OK  [0m] Reached target User and Group Name Lookups.
[   14.859828] systemd[1]: Listening on Syslog Socket.
[[0;32m  OK  [0m] Listening on Syslog Socket.
[   14.878256] systemd[1]: Listening on Journal Socket (/dev/log).
[[0;32m  OK  [0m] Listening on Journal Socket (/dev/log).
[   14.901377] systemd[1]: Listening on /dev/initctl Compatibility Named Pipe.
[[0;32m  OK  [0m] Listening on /dev/initctl Compatibility Named Pipe.
[   14.918610] systemd[1]: Reached target System Time Synchronized.
[[0;32m  OK  [0m] Reached target System Time Synchronized.
[   14.939608] systemd[1]: Listening on Journal Socket.
[[0;32m  OK  [0m] Listening on Journal Socket.
[   14.989807] systemd[1]: Starting Monitoring of LVM2 mirrors, snapshots etc. using dmeventd or progress polling...
         Starting Monitoring of LVM2 mirr[   14.997180] random: nonblocking pool is initialized
ors... dmeventd or progress polling...
[   15.008509] systemd[1]: Starting Load Kernel Modules...
         Startin[   15.028473] Loading iSCSI transport class v2.0-870.
g Load Kernel Modules...
[   15.051567] systemd[1]: Starting Create list of required static device nodes for the current kernel...
         Startin[   15.064324] iscsi: registered transport (tcp)
g Create list of required st... nodes for the current kernel...
[   15.094002] iscsi: registered transport (iser)
[   15.097326] systemd[1]: Mounting Huge Pages File System...
         Mounting Huge Pages File System...
[   15.102768] systemd[1]: Mounting Debug File System...
         Mounting Debug File System...
[   15.109652] systemd[1]: Starting Journal Service...
         Starting Journal Service...
[   15.118025] systemd[1]: Starting Nameserver information manager...
         Starting Nameserver information manager...
[   15.161909] systemd[1]: Starting Remount Root and Kernel File Systems...
         Starting Remount Root and Kernel File Systems...
[   15.170027] systemd[1]: Starting Uncomplicated firewall...
[   15.172191] EXT4-fs (sda1): re-mounted. Opts: (null)
         Starting Uncomplicated firewall...
[   15.182374] systemd[1]: Created slice User and Session Slice.
[[0;32m  OK  [0m] Created slice User and Session Slice.
[  1.209394] systemd[1]: Reached target Slices.
[[0;32m  OK  [0m] Reached target Slices.
[   15.317862] systemd[1]: Starting Set console keymap...
         Starting Set console keymap...
[   15.342237] systemd[1]: Mounting POSIX Message Queue File System...
         Mounting POSIX Message Queue File System...
[   15.346484] systemd[1]: Listening on udev Control Socket.
[[0;32m  OK  [0m] Listening on udev Control Socket.
[   15.351800] systemd[1]: Mounted Debug File System.
[[0;32m  OK  [0m] Mounted Debug File System.
[   15.355542] systemd[1]: Mounted POSIX Message Queue File System.
[[0;32m  OK  [0m] Mounted POSIX Message Queue File System.
[   15.359856] systemd[1]: Mounted Huge Pages File System.
[[0;32m  OK  [0m] Mounted Huge Pages File System.
[   15.364058] systemd[1]: Started Journal Service.
[[0;32m  OK  [0m] Started Journal Service.
[[0;32m  OK  [0m] Started Load Kernel Modules.
[[0;32m  OK  [0m] Started Create list of required sta...ce nodes for the current kernel.
[[0;32m  OK  [0m] Started Remount Root and Kernel File Systems.
[[0;32m  OK  [0m] Started Uncomplicated firewall.
[[0;32m  OK  [0m] Started Set console keymap.
[[0;32m  OK  [0m] Started Nameserver information manager.
[[0;32m  OK  [0m] Started LVM2 metadata daemon.
         Starting Load/Save Random Seed...
         Starting udev Coldplug all Devices...
         Starting Create Static Device Nodes in /dev...
         Mounting FUSE Control File System...
         Starting Apply Kernel Variables...
         Starting Flush Journal to Persistent Storage...
[[0;32m  OK  [0m] Mounted FUSE Control File System.
[[0;32m  OK  [0m] Started Load/Save Random Seed.
[[0;32m  OK  [0m] Started Create Static Device Nodes in /dev.
[[0;32m  OK  [0m] Started Apply Kernel Variables.
[[0;32m  OK  [0m] Started udev Coldplug all Devices.
[[0;32m  OK  [0m] Started Flush Journal to Persistent Storage.
         Starting udev Kernel Device Manager...
[[0;32m  OK  [0m] Started udev Kernel Device Manager.
[[0;32m  OK  [0m] Started Dispatch Password Requests to Console Directory Watch.
[[0;32m  OK  [0m] Started Monitoring of LVM2 mirrors,...ng dmeventd or progress polling.
[[0;32m  OK  [0m] Reached target Local File Systems (Pre).
[[0;32m  OK  [0m] Reached target Local File Systems.
         Starting Commit a transient machine-id on disk...
         Starting Create Volatile Files and Directories...
         Starting LSB: AppArmor initialization...
         Starting Tell Plymouth To Write Out Runtime Data...
         Starting Set console font and keymap...
         Starting Initial cloud-init job (pre-networking)...
[[0;32m  OK  [0m] Started Commit a transient machine-id on disk.
[[0;32m  OK  [0m] Started Create Volatile Files and Directories.
[[0;32m  OK  [0m] Started Tell Plymouth To Write Out Runtime Data.
[[0;32m  OK  [0m] Found device /dev/ttyS0.
[[0;32m  OK  [0m] Listening on Load/Save RF Kill Switch Status /dev/rfkill Watch.
         Starting Update UTMP about System Boot/Shutdown...
[[0;32m  OK  [0m] Started Update UTMP about System Boot/Shutdown.
[   12.977099] cloud-init[498]: Cloud-init v. 18.3-9-g2e62cb8a-0ubuntu1~16.04.2 running 'init-local' at Fri, 02 Nov 2018 11:31:01 +0000. Up 12.32 seconds.
[[0;32m  OK  [0m] Started Initial cloud-init job (pre-networking).
[[0;32m  OK  [0m] Started LSB: AppArmor initialization.
[[0;32m  OK  [0m] Reached target Network (Pre).
         Starting Raise network interfaces...
[[0;32m  OK  [0m] Started Set console font and keymap.
[[0;32m  OK  [0m] Created slice system-getty.slice.
[[0;32m  OK  [0m] Started Raise network interfaces.
         Starting Initial cloud-init job (metadata service crawler)...
[[0;32m  OK  [0m] Reached target Network.
[   14.304013] cloud-init[938]: Cloud-init v. 18.3-9-g2e62cb8a-0ubuntu1~16.04.2 running 'init' at Fri, 02 Nov 2018 11:31:02 +0000. Up 13.70 seconds.
[   14.315678] cloud-init[938]: ci-info: +++++++++++++++++++++++++++++++++++++Net device info++++++++++++++++++++++++++++++++++++++
[   14.319531] cloud-init[938]: ci-info: +--------+-------+--------------------------+---------------+--------+-------------------+
[   14.326982] cloud-init[938]: ci-info: | Device |   Up  |         Address          |      Mask     | Scope  |     Hw-Address    |
[   14.350682] cloud-init[938]: ci-info: +--------+-------+--------------------------+---------------+--------+-------------------+
[   14.395513] cloud-init[938]: ci-info: | enp0s3 |  True |        10.0.2.15         | 255.255.255.0 | global | 02:28:89:27:00:51 |
[   14.436406] [[0;32m  OK  [0m] Started Initial cloud-init job (metadata service crawler).
[cloud-init[0;32m  OK  [0m[938]: ] ci-info: | enp0s3 |  True | fe80::28:89ff:fe27:51/64 |       .       |  link  | 02:28:89:27:00:51 |Reached target Cloud-config availability.

[   14.460920] [[0;32m  OK  [0m] Reached target System Initialization.
         Starting Socket activation for snappy daemon.
cloud-init[938]: ci-info: | enp0s8 | False |            .             |       .       |   .    | 08:00:27:b6:f9:00 |
[   14.474665]          Starting LXD - unix socket.
[[0;32m  OK  [0m] Started Daily Cleanup of Temporary Directories.
cloud-init[938]: ci-info: |   lo   |  True |        127.0.0.1         |   255.0.0.0   |  host  |         .         |
[[0;32m  OK  [0m] Listening on D-Bus System Message Bus Socket.
[[0;32m  OK  [0m] Started Daily apt download activities.
[[0;32m  OK  [0m] Listening on ACPID Listen Socket.
[   14.510345] cloud-init[938]: ci-info: |   lo   |  True |         ::1/128          |       .       |  host  |         .         |
[   14.572855] [[0;32m  OK  [0m] Listening on UUID daemon activation socket.
[[0;32m  OK  [0m] Started Daily apt upgrade and clean activities.
[[0;32m  OK  [0m] Reached target Timers.
cloud-init[938]: ci-info: +--------+-------+--------------------------+---------------+--------+-------------------+
[   14.612930] [[0;32m  OK  [0m] Started ACPI Events Check.
[[0;32m  OK  [0m] Reached target Paths.
[[0;32m  OK  [0m] Reached target Network is Online.
cloud-init[938]: ci-info: +++++++++++++++++++++++++++Route IPv4 info++++++++++++++++++++++++++++
[   14.652422]          cloud-initStarting iSCSI initiator daemon (iscsid)...[938]: 
ci-info: +-------+-------------+----------+---------------+-----------+-------+
[   14.701974] [[0;32m  OK  [0m] Listening on Socket activation for snappy daemon.
cloud-init[938]: ci-info: | Route | Destination | Gateway  |    Genmask    | Interface | Flags |
[   14.737109] [[0;32m  OK  [0m] Listening on LXD - unix socket.
cloud-init[938]: ci-info: +-------+-------------+----------+---------------+-----------+-------+
[   14.744519] cloud-init[938]: ci-info: |   0   |   0.0.0.0   | 10.0.2.2 |    0.0.0.0    |   enp0s3  |   UG  |
[   14.747880] cloud-init[938]: ci-info: |   1   |   10.0.2.0  | 0.0.0.0  | 255.255.255.0 |   enp0s3  |   U   |
[   14.752791] cloud-init[938]: ci-info: +-------+-------------+----------+---------------+-----------+-------+
[   14.787855] cloud-init[938]: ci-info: +++++++++++++++++++Route IPv6 info+++++++++++++++++++
[   14.803103] cloud-init[938]: ci-info: +-------+-------------+---------+-----------+-------+
[   14.834365] cloud-init[938]: ci-info: | Route | Destination | Gateway | Interface | Flags |
[[0;32m  OK  [0m] Started iSCSI initiator daemon (iscsid).
[   14.879527] cloud-init[938]: ci-info: +-------+-------------+---------+-----------+-------+
[   14.885598] cloud-init[938]: ci-info: |   0   |  fe80::/64  |    ::   |   enp0s3  |   U   |
[   14.919917]          cloud-initStarting Login to default iSCSI targets...[938]: 
ci-info: |   3   |   ff00::/8  |    ::   |   enp0s3  |   U   |
[   15.016643] [[0;32m  OK  [0m] Reached target Sockets.
[[0;32m  OK  [0m] Reached target Basic System.
cloud-init[938]: ci-info: +-------+-------------+---------+-----------+-------+
[   15.042964] cloud-init[938]: Generating public/private rsa key pair.
[[0;32m  OK  [0m] Started FUSE filesystem for LXC.
[   15.050679] cloud-init[938]: Your identification has been saved in /etc/ssh/ssh_host_rsa_key.
[[0;32m  OK  [0m] Started Unattended Upgrades Shutdown.
[   15.111891] cloud-init[938]: Your public key has been saved in /etc/ssh/ssh_host_rsa_key.pub.
         Starting System Logging Service...
[   15.215861] cloud-init[938]: The key fingerprint is:
[   15.229594] cloud-init[938]: SHA256:IDFxLHTQtmRSMReRGmEBVehuzzHjL0U983RNKS4bHqI root@ubuntu-xenial
[   15.264805]          Starting LSB: Record successful boot for GRUB...
cloud-init[938]: The key's randomart image is:
[   15.273960] cloud-init[938]: +---[RSA 2048]----+
[   15.281183] cloud-init[938]: |   .BO@*=+      .|
[   15.288340] cloud-init[938]: |    o*Oo.    . ..|
[   15.289455] cloud-init[938]: |    .B.+   .. ...|
[[0;32m  OK  [0m] Started D-Bus System Message Bus.
[   15.290147] cloud-init[938]: |     .+. ..++.. o|
[   15.310243] cloud-init[938]: |     .  S.o == . |
[   15.315221] cloud-init[938]: |      oE+ .o  .  |
[   15.337163] cloud-init[938]: |     . + =       |
[   15.337563] cloud-init[938]: |        =        |
[   15.339402] cloud-init[938]: |         o.      |
[   15.339677] [[0;32m  OK  [0m] Started Regular background program processing daemon.
cloud-init[938]: +----[SHA256]-----+
[   15.369515] cloud-init[938]: Generating public/private dsa key pair.
[   15.370130] cloud-init[938]: Your identification has been saved in /etc/ssh/ssh_host_dsa_key.
[   15.371629] cloud-init[938]: Your public key has been saved in /etc/ssh/ssh_host_dsa_key.pub.
[   15.373249] cloud-init[938]: The key fingerprint is:
[   15.373800] cloud-init[938]: SHA256:TcZqIdRpfn39rnJNMfkgr6aNg5onXCBeqKdLXsOe6RI root@ubuntu-xenial
[   15.374265] cloud-init[938]: The key's randomart image is:
[   15.374541] cloud-init[938]: +---[DSA 1024]----+
[   15.374863] cloud-init[938]: |      .. .       |
[   15.375159] cloud-init[938]: |     .  +.       |
[   15.375477] cloud-init[938]: |     ..o. +.   ..|
[   15.375759] cloud-init[938]: |    o o..*. o o+.|
[   15.376120] cloud-init[938]: |   o o .S..  + .=|
[   15.376367] cloud-init[938]: |  E.o  ..     . +|
[   15.376672] cloud-init[938]: |  .++. . .   . + |
[   15.377360] cloud-init[938]: | ooo +o.o .o+ . o|
[   15.378602] cloud-init[938]: |  o+= o+  o+.o.. |
[   15.378953] cloud-init[938]: +----[SHA256]-----+
[   15.379246] cloud-init[938]: Generating public/private ecdsa key pair.
[   15.379579] cloud-init[938]: Your identification has been saved in /etc/ssh/ssh_host_ecdsa_key.
[   15.380766] cloud-init[938]: Your public key has been saved in /etc/ssh/ssh_host_ecdsa_key.pub.
[   15.380938] cloud-init[938]: The key fingerprint is:
         Starting Pollinate to seed the pseudo random number generator...
[   15.381166] cloud-init[938]: SHA256:C2iDesgL9iz0em8XdpNegBe+6YRFuE1iPGZVRuw7RR8 root@ubuntu-xenial
[   15.556466] cloud-init[938]: The key's randomart image is:
[   15.568327] cloud-init[938]: +---[ECDSA 256]---+
[   15.568910] cloud-init[938]: |      . o.++     |
         Starting Login Service...
[   15.569371] cloud-init[938]: |       O +.. . E |
[   15.604014] cloud-init[938]: |      + X o . . .|
[   15.637011] cloud-init[938]: |   . . o * . . . |
[   15.637606] [cloud-init[0;32m  OK  [0m[938]: ] |  . + . S = o    |Started Deferred execution scheduler.

[   15.639163] cloud-init[938]: |.+ . . = O +     |
[   15.658252] cloud-init[938]: |=oo   . B o .    |
[   15.660493] cloud-init[938]: |oo+o . . o       |
[   15.662604] cloud-init[938]: | o+oo..          |
[   15.664499] cloud-init[938]: +----[SHA256]-----+
[   15.666215] cloud-init[938]: Generating public/private ed25519 key pair.
[   15.668629] cloud-init[938]: Your identification has been saved in /etc/ssh/ssh_host_ed25519_key.
[   15.669020] cloud-init[938]: Your public key has been saved in /etc/ssh/ssh_host_ed25519_key.pub.
         Starting LXD - container startup/shutdown...
[   15.669724] cloud-init[938]: The key fingerprint is:
[   15.760478] cloud-init[938]: SHA256:JS0oAJaqql2zzDRz4IRbw61RUWpCgXEVHXG35nE2MHo root@ubuntu-xenial
         Starting LSB: MD monitoring daemon...
[   15.761530] cloud-init[938]: The key's randomart image is:
[   15.818960] cloud-init[938]: +--[ED25519 256]--+
[   15.824302] [[0;32m  OK  [0m] Started ACPI event daemon.
cloud-init         Starting /etc/rc.local Compatibility...
         Starting Virtualbox guest utils...
         Starting Accounts Service...
[938]: |.o+o+o+++o. +    |
[   15.885436]          cloud-initStarting Snappy daemon...[938]: 
|...+   +.o o +   |
[[0;32m  OK  [0m] Started System Logging Service.
[   15.959341] cloud-init[938]: [[0;32m  OK  [0m] Started Pollinate to seed the pseudo random number generator.
[[0;32m  OK  [0m] Started LXD - container startup/shutdown.
[[0;32m  OK  [0m] Started /etc/rc.local Compatibility.
|.   o = o + E +  |
[   15.966922] cloud-init[938]: |.  o *   + + + . |
[   15.969946] cloud-init[938]: |. . B . S   .    |
[   15.974937] cloud-init[938]: |.  = =           |
[   15.978490] cloud-init[938]: |. . O .          |
[   15.983883] cloud-init[938]: |.. = *           |
[   15.987212] cloud-init[938]: |o . +            |
[   15.990862] cloud-init[938]: +----[SHA256]-----+
[[0;32m  OK  [0m] Started Login to default iSCSI targets.
[[0;32m  OK  [0m] Started LSB: Record successful boot for GRUB.
[[0;32m  OK  [0m] Started Snappy daemon.
[[0;32m  OK  [0m] Started LSB: MD monitoring daemon.
[[0;32m  OK  [0m] Started Login Service.
         Starting Authenticate and Authorize Users to Run Privileged Tasks...
         Starting Wait until snapd is fully seeded...
[[0;32m  OK  [0m] Reached target Remote File Systems (Pre).
[[0;32m  OK  [0m] Reached target Remote File Systems.
         Starting LSB: daemon to balance interrupts for SMP systems...
         Starting Permit User Sessions...
         Starting LSB: Set the CPU Frequency Scaling governor to "ondemand"...
         Starting LSB: automatic crash report generation...
         Starting OpenBSD Secure Shell server...
[[0;32m  OK  [0m] Started Permit User Sessions.
[[0;32m  OK  [0m] Started Authenticate and Authorize Users to Run Privileged Tasks.
[[0;32m  OK  [0m] Started Accounts Service.
[[0;32m  OK  [0m] Started OpenBSD Secure Shell server.
[[0;32m  OK  [0m] Started Virtualbox guest utils.
         Starting Hold until boot process finishes up...
         Starting Terminate Plymouth Boot Screen...
[[0;32m  OK  [0m] Started LSB: daemon to balance interrupts for SMP systems.
[[0;32m  OK  [0m] Started LSB: Set the CPU Frequency Scaling governor to "ondemand".
[[0;32m  OK  [0m] Started LSB: automatic crash report generation.
[[0;32m  OK  [0m] Started Hold until boot process finishes up.
[[0;32m  OK  [0m] Started Terminate Plymouth Boot Screen.
[[0;32m  OK  [0m] Created slice User Slice of vagrant.
         Starting User Manager for UID 1000...
[[0;32m  OK  [0m] Started Session 1 of user vagrant.
[[0;32m  OK  [0m] Started Serial Getty on ttyS0.
         Starting Set console scheme...
[[0;32m  OK  [0m] Started Getty on tty1.
[[0;32m  OK  [0m] Reached target Login Prompts.
[[0;32m  OK  [0m] Started User Manager for UID 1000.
[[0;32m  OK  [0m] Started Set console scheme.
[[0;32m  OK  [0m] Started Wait until snapd is fully seeded.
[[0;32m  OK  [0m] Reached target Multi-User System.
[[0;32m  OK  [0m] Reached target Graphical Interface.
         Starting Update UTMP about System Runlevel Changes...
         Starting Apply the settings specified in cloud-config...
[[0;32m  OK  [0m] Started Update UTMP about System Runlevel Changes.
[   18.125183] cloud-init[1337]: Generating locales (this might take a while)...
         Stopping User Manager for UID 1000...
[[0;32m  OK  [0m] Stopped User Manager for UID 1000.
[[0;32m  OK  [0m] Removed slice User Slice of vagrant.
[[0;32m  OK  [0m] Created slice User Slice of vagrant.
         Starting User Manager for UID 1000...
[[0;32m  OK  [0m] Started Session 2 of user vagrant.
[[0;32m  OK  [0m] Started User Manager for UID 1000.
[   19.408428] cloud-init[1337]:   en_US.UTF-8... done
[   19.440692] cloud-init[1337]: Generation complete.
[   19.729791] cloud-init[1337]: Cloud-init v. 18.3-9-g2e62cb8a-0ubuntu1~16.04.2 running 'modules:config' at Fri, 02 Nov 2018 11:31:06 +0000. Up 17.93 seconds.
[[0;32m  OK  [0m] Started Apply the settings specified in cloud-config.
         Starting Execute cloud user/final scripts...
ci-info: no authorized ssh keys fingerprints found for user ubuntu.
<14>Nov  2 11:31:09 ec2: 
<14>Nov  2 11:31:09 ec2: #############################################################
<14>Nov  2 11:31:09 ec2: -----BEGIN SSH HOST KEY FINGERPRINTS-----
<14>Nov  2 11:31:09 ec2: 1024 SHA256:TcZqIdRpfn39rnJNMfkgr6aNg5onXCBeqKdLXsOe6RI root@ubuntu-xenial (DSA)
<14>Nov  2 11:31:09 ec2: 256 SHA256:C2iDesgL9iz0em8XdpNegBe+6YRFuE1iPGZVRuw7RR8 root@ubuntu-xenial (ECDSA)
<14>Nov  2 11:31:09 ec2: 256 SHA256:JS0oAJaqql2zzDRz4IRbw61RUWpCgXEVHXG35nE2MHo root@ubuntu-xenial (ED25519)
<14>Nov  2 11:31:09 ec2: 2048 SHA256:IDFxLHTQtmRSMReRGmEBVehuzzHjL0U983RNKS4bHqI root@ubuntu-xenial (RSA)
<14>Nov  2 11:31:09 ec2: -----END SSH HOST KEY FINGERPRINTS-----
<14>Nov  2 11:31:09 ec2: #############################################################
-----BEGIN SSH HOST KEY KEYS-----
ecdsa-sha2-nistp256 AAAAE2VjZHNhLXNoYTItbmlzdHAyNTYAAAAIbmlzdHAyNTYAAABBBG+K9vYA/6Ds6+l2yftFh4bGB180Ng5lXTSxfO3zEdzZ+WBhRaNk6RAJpF70jxuRrH18TT3I4Q4j3NuLShVYND8= root@ubuntu-xenial
ssh-ed25519 AAAAC3NzaC1lZDI1NTE5AAAAIAlESZHudFSHL8rppqwv1/FhiRbh/NRU7n8aOilfbrLA root@ubuntu-xenial
ssh-rsa AAAAB3NzaC1yc2EAAAADAQABAAABAQC0lWTyxdNfDD1AvNV5LaVN+rQ3DmLp3Ph1LPajV9cgWzavXIFfoRwm9tbE8ojjvegwrs+l6gLRtXa+bQSDtyUS7NhSgr4AutgHAeFCYxDCMSRIF8h8WBkzc/cRO4mfsZuUd1gSY8OyaIafOWicYJZ+fMCBw+7jbKx5ChT1BnzqwB886by46VJTHliu0nf+4ds8YiuRG6/Uhj/YzmWwhPyo+e7H611A7WAO7lg78+4CsOQV1k2H46eiVcz6f7M0ep1RiO45mJUZiKBRpca/1xj3TnFWW5qNBRmHbuVmXMzL8UyFoYBCzpP7YXAQrMZkyszwiTsEw6RXixIf9lw77jHJ root@ubuntu-xenial
-----END SSH HOST KEY KEYS-----
[   21.194680] cloud-init[1560]: Cloud-init v. 18.3-9-g2e62cb8a-0ubuntu1~16.04.2 running 'modules:final' at Fri, 02 Nov 2018 11:31:09 +0000. Up 20.17 seconds.
[   21.199706] cloud-init[1560]: ci-info: no authorized ssh keys fingerprints found for user ubuntu.
[   21.203218] cloud-init[1560]: Cloud-init v. 18.3-9-g2e62cb8a-0ubuntu1~16.04.2 finished at Fri, 02 Nov 2018 11:31:10 +0000. Datasource DataSourceNoCloud [seed=/dev/sdb][dsmode=net].  Up 21.18 seconds
[[0;32m  OK  [0m] Started Execute cloud user/final scripts.
[[0;32m  OK  [0m] Reached target Cloud-init target.

Ubuntu 16.04.5 LTS ubuntu-xenial ttyS0

ubuntu-xenial login: 